# JRE version: OpenJDK Runtime Environment Temurin-21.0.8+9 (21.0.8+9) (build 21.0.8+9-LTS)
# Java VM: OpenJDK 64-Bit Server VM Temurin-21.0.8+9 (21.0.8+9-LTS, mixed mode, sharing, tiered, compressed oops, compressed class ptrs, g1 gc, windows-amd64)
GC Precious Log:
 CardTable entry size: 512
 Card Set container configuration: InlinePtr #cards 5 size 8 Array Of Cards #cards 12 size 40 Howl #buckets 4 coarsen threshold 1843 Howl Bitmap #cards 512 size 80 coarsen threshold 460 Card regions per heap region 1 cards per card region 2048
 CPUs: 20 total, 20 available
 Memory: 65433M
 Large Page Support: Disabled
 NUMA Support: Disabled
 Compressed Oops: Enabled (32-bit)
 Heap Region Size: 1M
 Heap Min Capacity: 8M
 Heap Initial Capacity: 1G
 Heap Max Capacity: 1G
 Pre-touch: Disabled
 Parallel Workers: 15
 Concurrent Workers: 4
 Concurrent Refinement Workers: 15
 Periodic GC: Disabled
Heap:
 garbage-first heap   total 109568K, used 97274K [0x00000000c0000000, 0x0000000100000000)
  region size 1024K, 35 young (35840K), 4 survivors (4096K)
 Metaspace       used 44227K, committed 45888K, reserved 1114112K
  class space    used 6404K, committed 7232K, reserved 1048576K
GC Heap History (17 events):
Event: 0.637 GC heap before
{Heap before GC invocations=0 (full 0):
 garbage-first heap   total 1048576K, used 54272K [0x00000000c0000000, 0x0000000100000000)
  region size 1024K, 51 young (52224K), 0 survivors (0K)
 Metaspace       used 4506K, committed 4672K, reserved 1114112K
  class space    used 563K, committed 640K, reserved 1048576K
}
Event: 0.647 GC heap after
{Heap after GC invocations=1 (full 0):
 garbage-first heap   total 1048576K, used 11042K [0x00000000c0000000, 0x0000000100000000)
  region size 1024K, 7 young (7168K), 7 survivors (7168K)
 Metaspace       used 4506K, committed 4672K, reserved 1114112K
  class space    used 563K, committed 640K, reserved 1048576K
}
Event: 0.917 GC heap before
{Heap before GC invocations=1 (full 0):
 garbage-first heap   total 1048576K, used 67362K [0x00000000c0000000, 0x0000000100000000)
  region size 1024K, 60 young (61440K), 7 survivors (7168K)
 Metaspace       used 4615K, committed 4736K, reserved 1114112K
  class space    used 565K, committed 640K, reserved 1048576K
}
Event: 0.920 GC heap after
{Heap after GC invocations=2 (full 0):
 garbage-first heap   total 1048576K, used 16170K [0x00000000c0000000, 0x0000000100000000)
  region size 1024K, 5 young (5120K), 5 survivors (5120K)
 Metaspace       used 4615K, committed 4736K, reserved 1114112K
  class space    used 565K, committed 640K, reserved 1048576K
}
Event: 2.109 GC heap before
{Heap before GC invocations=2 (full 0):
 garbage-first heap   total 1048576K, used 114474K [0x00000000c0000000, 0x0000000100000000)
  region size 1024K, 102 young (104448K), 5 survivors (5120K)
 Metaspace       used 20910K, committed 21504K, reserved 1114112K
  class space    used 3047K, committed 3328K, reserved 1048576K
}
Event: 2.128 GC heap after
{Heap after GC invocations=3 (full 0):
 garbage-first heap   total 1048576K, used 24093K [0x00000000c0000000, 0x0000000100000000)
  region size 1024K, 12 young (12288K), 12 survivors (12288K)
 Metaspace       used 20910K, committed 21504K, reserved 1114112K
  class space    used 3047K, committed 3328K, reserved 1048576K
}
Event: 5.674 GC heap before
{Heap before GC invocations=4 (full 0):
 garbage-first heap   total 81920K, used 80413K [0x00000000c0000000, 0x0000000100000000)
  region size 1024K, 55 young (56320K), 12 survivors (12288K)
 Metaspace       used 25502K, committed 26496K, reserved 1114112K
  class space    used 3831K, committed 4288K, reserved 1048576K
}
Event: 5.678 GC heap after
{Heap after GC invocations=5 (full 0):
 garbage-first heap   total 98304K, used 41306K [0x00000000c0000000, 0x0000000100000000)
  region size 1024K, 12 young (12288K), 12 survivors (12288K)
 Metaspace       used 25502K, committed 26496K, reserved 1114112K
  class space    used 3831K, committed 4288K, reserved 1048576K
}
Event: 6.042 GC heap before
{Heap before GC invocations=5 (full 0):
 garbage-first heap   total 98304K, used 92506K [0x00000000c0000000, 0x0000000100000000)
  region size 1024K, 49 young (50176K), 12 survivors (12288K)
 Metaspace       used 30193K, committed 31232K, reserved 1114112K
  class space    used 4556K, committed 5056K, reserved 1048576K
}
Event: 6.045 GC heap after
{Heap after GC invocations=6 (full 0):
 garbage-first heap   total 109568K, used 57485K [0x00000000c0000000, 0x0000000100000000)
  region size 1024K, 7 young (7168K), 7 survivors (7168K)
 Metaspace       used 30193K, committed 31232K, reserved 1114112K
  class space    used 4556K, committed 5056K, reserved 1048576K
}
Event: 6.240 GC heap before
{Heap before GC invocations=6 (full 0):
 garbage-first heap   total 109568K, used 76941K [0x00000000c0000000, 0x0000000100000000)
  region size 1024K, 28 young (28672K), 7 survivors (7168K)
 Metaspace       used 34948K, committed 35968K, reserved 1114112K
  class space    used 5043K, committed 5504K, reserved 1048576K
}
Event: 6.243 GC heap after
{Heap after GC invocations=7 (full 0):
 garbage-first heap   total 109568K, used 60040K [0x00000000c0000000, 0x0000000100000000)
  region size 1024K, 6 young (6144K), 6 survivors (6144K)
 Metaspace       used 34948K, committed 35968K, reserved 1114112K
  class space    used 5043K, committed 5504K, reserved 1048576K
}
Event: 6.453 GC heap before
{Heap before GC invocations=8 (full 0):
 garbage-first heap   total 109568K, used 98952K [0x00000000c0000000, 0x0000000100000000)
  region size 1024K, 40 young (40960K), 6 survivors (6144K)
 Metaspace       used 37074K, committed 38272K, reserved 1114112K
  class space    used 5237K, committed 5824K, reserved 1048576K
}
Event: 6.455 GC heap after
{Heap after GC invocations=9 (full 0):
 garbage-first heap   total 109568K, used 63212K [0x00000000c0000000, 0x0000000100000000)
  region size 1024K, 5 young (5120K), 5 survivors (5120K)
 Metaspace       used 37074K, committed 38272K, reserved 1114112K
  class space    used 5237K, committed 5824K, reserved 1048576K
}
Event: 6.731 GC heap before
{Heap before GC invocations=9 (full 0):
 garbage-first heap   total 109568K, used 95980K [0x00000000c0000000, 0x0000000100000000)
  region size 1024K, 37 young (37888K), 5 survivors (5120K)
 Metaspace       used 40457K, committed 41920K, reserved 1114112K
  class space    used 5772K, committed 6464K, reserved 1048576K
}
Event: 6.734 GC heap after
{Heap after GC invocations=10 (full 0):
 garbage-first heap   total 109568K, used 65530K [0x00000000c0000000, 0x0000000100000000)
  region size 1024K, 3 young (3072K), 3 survivors (3072K)
 Metaspace       used 40457K, committed 41920K, reserved 1114112K
  class space    used 5772K, committed 6464K, reserved 1048576K
}
Event: 6.985 GC heap before
{Heap before GC invocations=10 (full 0):
 garbage-first heap   total 109568K, used 97274K [0x00000000c0000000, 0x0000000100000000)
  region size 1024K, 34 young (34816K), 3 survivors (3072K)
 Metaspace       used 44227K, committed 45888K, reserved 1114112K
  class space    used 6404K, committed 7232K, reserved 1048576K
}

